<?xml version="1.0" encoding="UTF-8"?>
<coverage generated="1758630766650" clover="3.2.0">
  <project timestamp="1758630766650" name="All files">
    <metrics statements="36" coveredstatements="35" conditionals="20" coveredconditionals="19" methods="16" coveredmethods="16" elements="72" coveredelements="70" complexity="0" loc="36" ncloc="36" packages="1" files="3" classes="3"/>
    <file name="async.js" path="C:\Users\part\Desktop\project\src\async.js">
      <metrics statements="19" coveredstatements="18" conditionals="8" coveredconditionals="7" methods="10" coveredmethods="10"/>
      <line num="2" count="5" type="cond" truecount="4" falsecount="0"/>
      <line num="3" count="3" type="stmt"/>
      <line num="5" count="2" type="cond" truecount="2" falsecount="0"/>
      <line num="6" count="1" type="stmt"/>
      <line num="8" count="1" type="stmt"/>
      <line num="12" count="1" type="stmt"/>
      <line num="16" count="1" type="stmt"/>
      <line num="17" count="1" type="stmt"/>
      <line num="20" count="3" type="stmt"/>
      <line num="21" count="3" type="stmt"/>
      <line num="24" count="2" type="cond" truecount="1" falsecount="1"/>
      <line num="25" count="2" type="stmt"/>
      <line num="27" count="0" type="stmt"/>
      <line num="32" count="1" type="stmt"/>
      <line num="36" count="1" type="stmt"/>
      <line num="39" count="2" type="stmt"/>
      <line num="40" count="1" type="stmt"/>
      <line num="41" count="1" type="stmt"/>
      <line num="44" count="1" type="stmt"/>
    </file>
    <file name="math.js" path="C:\Users\part\Desktop\project\src\math.js">
      <metrics statements="10" coveredstatements="10" conditionals="10" coveredconditionals="10" methods="3" coveredmethods="3"/>
      <line num="2" count="6" type="stmt"/>
      <line num="3" count="6" type="cond" truecount="6" falsecount="0"/>
      <line num="4" count="2" type="stmt"/>
      <line num="6" count="4" type="stmt"/>
      <line num="11" count="4" type="stmt"/>
      <line num="12" count="4" type="stmt"/>
      <line num="17" count="5" type="cond" truecount="4" falsecount="0"/>
      <line num="18" count="1" type="stmt"/>
      <line num="20" count="4" type="stmt"/>
      <line num="24" count="1" type="stmt"/>
    </file>
    <file name="text.js" path="C:\Users\part\Desktop\project\src\text.js">
      <metrics statements="7" coveredstatements="7" conditionals="2" coveredconditionals="2" methods="3" coveredmethods="3"/>
      <line num="2" count="7" type="stmt"/>
      <line num="10" count="3" type="stmt"/>
      <line num="11" count="3" type="stmt"/>
      <line num="12" count="3" type="stmt"/>
      <line num="16" count="4" type="cond" truecount="2" falsecount="0"/>
      <line num="17" count="4" type="stmt"/>
      <line num="20" count="1" type="stmt"/>
    </file>
  </project>
</coverage>
