TN:
SF:src\async.js
FN:1,safeDivide
FN:11,delay
FN:12,(anonymous_2)
FN:15,retry
FN:16,(anonymous_4)
FN:19,attemptFn
FN:23,(anonymous_6)
FN:38,fetchUser
FN:40,(anonymous_8)
FN:41,(anonymous_9)
FNF:10
FNH:10
FNDA:5,safeDivide
FNDA:1,delay
FNDA:1,(anonymous_2)
FNDA:1,retry
FNDA:1,(anonymous_4)
FNDA:3,attemptFn
FNDA:2,(anonymous_6)
FNDA:2,fetchUser
FNDA:1,(anonymous_8)
FNDA:1,(anonymous_9)
DA:2,5
DA:3,3
DA:5,2
DA:6,1
DA:8,1
DA:12,1
DA:16,1
DA:17,1
DA:20,3
DA:21,3
DA:24,2
DA:25,2
DA:27,0
DA:32,1
DA:36,1
DA:39,2
DA:40,1
DA:41,1
DA:44,1
LF:19
LH:18
BRDA:2,0,0,3
BRDA:2,0,1,2
BRDA:2,1,0,5
BRDA:2,1,1,3
BRDA:5,2,0,1
BRDA:5,2,1,1
BRDA:24,3,0,2
BRDA:24,3,1,0
BRF:8
BRH:7
end_of_record
TN:
SF:src\math.js
FN:1,sum
FN:10,max
FN:16,isEven
FNF:3
FNH:3
FNDA:6,sum
FNDA:4,max
FNDA:5,isEven
DA:2,6
DA:3,6
DA:4,2
DA:6,4
DA:11,4
DA:12,4
DA:17,5
DA:18,1
DA:20,4
DA:24,1
LF:10
LH:10
BRDA:3,0,0,2
BRDA:3,0,1,4
BRDA:3,1,0,6
BRDA:3,1,1,5
BRDA:3,1,2,5
BRDA:3,1,3,4
BRDA:17,2,0,1
BRDA:17,2,1,4
BRDA:17,3,0,5
BRDA:17,3,1,5
BRF:10
BRH:10
end_of_record
TN:
SF:src\text.js
FN:1,normalizeLettersAndDigits
FN:9,isPalindromeUnicode
FN:15,wordCount
FNF:3
FNH:3
FNDA:7,normalizeLettersAndDigits
FNDA:3,isPalindromeUnicode
FNDA:4,wordCount
DA:2,7
DA:10,3
DA:11,3
DA:12,3
DA:16,4
DA:17,4
DA:20,1
LF:7
LH:7
BRDA:16,0,0,4
BRDA:16,0,1,2
BRF:2
BRH:2
end_of_record
